<?xml version="1.0" encoding="UTF-8"?>
<robot generator="Robot 3.2.2 (Python 3.11.0 on win32)" generated="20221130 11:14:16.095" rpa="false">
<suite id="s1" name="RobotPractise" source="D:\workspace\RobotPractise">
<suite id="s1-s1" name="TestSuite" source="D:\workspace\RobotPractise\TestSuite">
<suite id="s1-s1-s1" name="TC1" source="D:\workspace\RobotPractise\TestSuite\TC1.robot">
<test id="s1-s1-s1-t1" name="LoginTest">
<kw name="Open Browser" library="SeleniumLibrary">
<doc>Opens a new browser instance to the optional ``url``.</doc>
<arguments>
<arg>${url}</arg>
<arg>${browser}</arg>
</arguments>
<msg timestamp="20221130 11:14:16.347" level="INFO">Opening browser 'chrome' to base url 'https://demo.nopcommerce.com/'.</msg>
<status status="PASS" starttime="20221130 11:14:16.346" endtime="20221130 11:14:19.638"></status>
</kw>
<kw name="loginToApplication">
<kw name="Click Link" library="SeleniumLibrary">
<doc>Clicks a link identified by ``locator``.</doc>
<arguments>
<arg>xpath://a[@class='ico-login']</arg>
</arguments>
<msg timestamp="20221130 11:14:19.643" level="INFO">Clicking link 'xpath://a[@class='ico-login']'.</msg>
<status status="PASS" starttime="20221130 11:14:19.642" endtime="20221130 11:14:20.421"></status>
</kw>
<kw name="Input Text" library="SeleniumLibrary">
<doc>Types the given ``text`` into the text field identified by ``locator``.</doc>
<arguments>
<arg>id:Email</arg>
<arg>hard.aarif14@gmail.com</arg>
</arguments>
<msg timestamp="20221130 11:14:20.424" level="INFO">Typing text 'hard.aarif14@gmail.com' into text field 'id:Email'.</msg>
<status status="PASS" starttime="20221130 11:14:20.422" endtime="20221130 11:14:20.674"></status>
</kw>
<kw name="Input Text" library="SeleniumLibrary">
<doc>Types the given ``text`` into the text field identified by ``locator``.</doc>
<arguments>
<arg>id:Password</arg>
<arg>Aarif@2222</arg>
</arguments>
<msg timestamp="20221130 11:14:20.676" level="INFO">Typing text 'Aarif@2222' into text field 'id:Password'.</msg>
<status status="PASS" starttime="20221130 11:14:20.675" endtime="20221130 11:14:20.889"></status>
</kw>
<kw name="Click Element" library="SeleniumLibrary">
<doc>Click the element identified by ``locator``.</doc>
<arguments>
<arg>xpath://button[@class='button-1 login-button']</arg>
</arguments>
<msg timestamp="20221130 11:14:20.891" level="INFO">Clicking element 'xpath://button[@class='button-1 login-button']'.</msg>
<status status="PASS" starttime="20221130 11:14:20.890" endtime="20221130 11:14:22.135"></status>
</kw>
<status status="PASS" starttime="20221130 11:14:19.639" endtime="20221130 11:14:22.136"></status>
</kw>
<kw name="Close Browser" library="SeleniumLibrary">
<doc>Closes the current browser.</doc>
<status status="PASS" starttime="20221130 11:14:22.137" endtime="20221130 11:14:24.293"></status>
</kw>
<status status="PASS" starttime="20221130 11:14:16.345" endtime="20221130 11:14:24.294" critical="yes"></status>
</test>
<status status="PASS" starttime="20221130 11:14:16.162" endtime="20221130 11:14:24.295"></status>
</suite>
<status status="PASS" starttime="20221130 11:14:16.159" endtime="20221130 11:14:24.298"></status>
</suite>
<status status="PASS" starttime="20221130 11:14:16.129" endtime="20221130 11:14:24.300"></status>
</suite>
<statistics>
<total>
<stat pass="1" fail="0">Critical Tests</stat>
<stat pass="1" fail="0">All Tests</stat>
</total>
<tag>
</tag>
<suite>
<stat pass="1" fail="0" id="s1" name="RobotPractise">RobotPractise</stat>
<stat pass="1" fail="0" id="s1-s1" name="TestSuite">RobotPractise.TestSuite</stat>
<stat pass="1" fail="0" id="s1-s1-s1" name="TC1">RobotPractise.TestSuite.TC1</stat>
</suite>
</statistics>
<errors>
</errors>
</robot>
